e:\programming\codeexperiments\3. learning opengl\debug\vc140.pdb
e:\programming\codeexperiments\3. learning opengl\debug\vc140.idb
e:\programming\codeexperiments\3. learning opengl\debug\controls.obj
e:\programming\codeexperiments\3. learning opengl\debug\objloader.obj
e:\programming\codeexperiments\3. learning opengl\debug\quaternion_utils.obj
e:\programming\codeexperiments\3. learning opengl\debug\shader.obj
e:\programming\codeexperiments\3. learning opengl\debug\tangentspace.obj
e:\programming\codeexperiments\3. learning opengl\debug\text2d.obj
e:\programming\codeexperiments\3. learning opengl\debug\texture.obj
e:\programming\codeexperiments\3. learning opengl\debug\vboindexer.obj
e:\programming\codeexperiments\3. learning opengl\debug\opengllearnings.obj
e:\programming\codeexperiments\3. learning opengl\buildsx86\3. learning opengl.ilk
e:\programming\codeexperiments\3. learning opengl\buildsx86\3. learning opengl.exe
e:\programming\codeexperiments\3. learning opengl\buildsx86\3. learning opengl.pdb
e:\programming\codeexperiments\3. learning opengl\debug\3. learn.0e82541f.tlog\cl.command.1.tlog
e:\programming\codeexperiments\3. learning opengl\debug\3. learn.0e82541f.tlog\cl.read.1.tlog
e:\programming\codeexperiments\3. learning opengl\debug\3. learn.0e82541f.tlog\cl.write.1.tlog
e:\programming\codeexperiments\3. learning opengl\debug\3. learn.0e82541f.tlog\link.command.1.tlog
e:\programming\codeexperiments\3. learning opengl\debug\3. learn.0e82541f.tlog\link.read.1.tlog
e:\programming\codeexperiments\3. learning opengl\debug\3. learn.0e82541f.tlog\link.write.1.tlog
